[Licensing::Module] Trying to connect to existing licensing client channel...
Built from '6000.2/staging' branch; Version is '6000.2.10f1 (d3d30d158480) revision 13882125'; Using compiler version '194234433'; Build Type 'Release'
[Licensing::IpcConnector] Successfully connected to: "LicenseClient-ayana" at "2025-11-23T20:29:41.4749982Z"
OS: 'Windows 11  (10.0.26100) 64bit Core' Language: 'en' Physical Memory: 16087 MB
BatchMode: 1, IsHumanControllingUs: 0, StartBugReporterOnCrash: 0, Is64bit: 1
Date: 2025-11-23T20:29:41Z

COMMAND LINE ARGUMENTS:
C:\Program Files\Unity\Hub\Editor\6000.2.10f1\Editor\Unity.exe
-adb2
-batchMode
-noUpm
-name
AssetImportWorker2
-projectPath
C:/Users/ayana/OneDrive/Documents/GitHub/A2/A2/A2
-logFile
Logs/AssetImportWorker2.log
-srvPort
61842
-licensingIpc
LicenseClient-ayana
-job-worker-count
7
-background-job-worker-count
8
-gc-helper-count
1
-name
AssetImport
Successfully changed project path to: C:/Users/ayana/OneDrive/Documents/GitHub/A2/A2/A2
C:/Users/ayana/OneDrive/Documents/GitHub/A2/A2/A2
[UnityMemory] Configuration Parameters - Can be set up in boot.config
    "memorysetup-allocator-temp-initial-block-size-main=262144"
    "memorysetup-allocator-temp-initial-block-size-worker=262144"
    "memorysetup-bucket-allocator-granularity=16"
    "memorysetup-bucket-allocator-bucket-count=8"
    "memorysetup-bucket-allocator-block-size=33554432"
    "memorysetup-bucket-allocator-block-count=8"
    "memorysetup-main-allocator-block-size=16777216"
    "memorysetup-thread-allocator-block-size=16777216"
    "memorysetup-gfx-main-allocator-block-size=16777216"
    "memorysetup-gfx-thread-allocator-block-size=16777216"
    "memorysetup-cache-allocator-block-size=4194304"
    "memorysetup-typetree-allocator-block-size=2097152"
    "memorysetup-profiler-bucket-allocator-granularity=16"
    "memorysetup-profiler-bucket-allocator-bucket-count=8"
    "memorysetup-profiler-bucket-allocator-block-size=33554432"
    "memorysetup-profiler-bucket-allocator-block-count=8"
    "memorysetup-profiler-allocator-block-size=16777216"
    "memorysetup-profiler-editor-allocator-block-size=1048576"
    "memorysetup-temp-allocator-size-main=16777216"
    "memorysetup-job-temp-allocator-block-size=2097152"
    "memorysetup-job-temp-allocator-block-size-background=1048576"
    "memorysetup-job-temp-allocator-reduction-small-platforms=262144"
    "memorysetup-temp-allocator-size-background-worker=32768"
    "memorysetup-temp-allocator-size-job-worker=262144"
    "memorysetup-temp-allocator-size-preload-manager=33554432"
    "memorysetup-temp-allocator-size-nav-mesh-worker=65536"
    "memorysetup-temp-allocator-size-audio-worker=65536"
    "memorysetup-temp-allocator-size-cloud-worker=32768"
    "memorysetup-temp-allocator-size-gi-baking-worker=262144"
    "memorysetup-temp-allocator-size-gi-baking-worker=262144"
    "memorysetup-temp-allocator-size-gi-baking-worker=262144"
    "memorysetup-temp-allocator-size-gi-baking-worker=262144"
    "memorysetup-temp-allocator-size-gi-baking-worker=262144"
    "memorysetup-temp-allocator-size-gfx=262144"
Player connection [33028]  Target information:

Player connection [33028]  * "[IP] 192.168.0.25 [Port] 0 [Flags] 2 [Guid] 2357449840 [EditorId] 2357449840 [Version] 1048832 [Id] WindowsEditor(7,MSI) [Debug] 1 [PackageName] WindowsEditor [ProjectName] Editor" 

Player connection [33028] Host joined multi-casting on [225.0.0.222:54997]...
Player connection [33028] Host joined alternative multi-casting on [225.0.0.222:34997]...
JobSystem: Creating JobQueue using job-worker-count value 7
Input System module state changed to: Initialized.
[Physics::Module] Initialized fallback backend.
[Physics::Module] Id: 0xdecafbad
[Licensing::Client] Code 10 while verifying Licensing Client signature (process Id: 14244, path: "C:/Users/ayana/SchoolSoftware/Unity Hub/UnityLicensingClient_V1/Unity.Licensing.Client.exe")
[Licensing::Module] LicensingClient has failed validation; ignoring
[Licensing::Client] Handshaking with LicensingClient:
  Version:                 1.17.3+a4e98f1
  Session Id:              50779c3c1ae340e897a06ab99143ed93
  Correlation Id:          7ae6b8d419a3a5c1c075c1768ad846b3
  External correlation Id: 5393994617312774810
  Machine Id:              cleDMvXY9O+45m6I22BHXt+mVGw=
[Licensing::Module] Successfully connected to LicensingClient on channel: "LicenseClient-ayana" (connect: 0.00s, validation: 0.00s, handshake: 0.05s)
[Licensing::IpcConnector] Successfully connected to: "LicenseClient-ayana-notifications" at "2025-11-23T20:29:41.5261006Z"
[Licensing::Module] Licensing Background thread has ended after 0.05s
Library Redirect Path: Library/
[Physics::Module] Selected backend.
[Physics::Module] Name: PhysX
[Physics::Module] Id: 0xf2b8ea05
[Physics::Module] SDK Version: 4.1.2
[Physics::Module] Integration Version: 1.0.0
[Physics::Module] Threading Mode: Multi-Threaded
Refreshing native plugins compatible for Editor in 3.65 ms, found 3 plugins.
Preloading 0 native plugins for Editor in 0.00 ms.
Initialize engine version: 6000.2.10f1 (d3d30d158480)
[Subsystems] Discovering subsystems at path C:/Program Files/Unity/Hub/Editor/6000.2.10f1/Editor/Data/Resources/UnitySubsystems
[Subsystems] Discovering subsystems at path C:/Users/ayana/OneDrive/Documents/GitHub/A2/A2/A2/Assets
GfxDevice: creating device client; kGfxThreadingModeNonThreaded
Direct3D:
    Version:  Direct3D 11.0 [level 11.1]
    Renderer: NVIDIA GeForce RTX 4060 Laptop GPU (ID=0x28a0)
    Vendor:   NVIDIA
    VRAM:     7957 MB
    Driver:   32.0.15.7700
Initialize mono
Mono path[0] = 'C:/Program Files/Unity/Hub/Editor/6000.2.10f1/Editor/Data/Managed'
Mono path[1] = 'C:/Program Files/Unity/Hub/Editor/6000.2.10f1/Editor/Data/MonoBleedingEdge/lib/mono/unityjit-win32'
Mono config path = 'C:/Program Files/Unity/Hub/Editor/6000.2.10f1/Editor/Data/MonoBleedingEdge/etc'
Using monoOptions --debugger-agent=transport=dt_socket,embedding=1,server=y,suspend=n,address=127.0.0.1:56456
Begin MonoManager ReloadAssembly
Registering precompiled unity dll's ...
Register platform support module: C:/Program Files/Unity/Hub/Editor/6000.2.10f1/Editor/Data/PlaybackEngines/WindowsStandaloneSupport/UnityEditor.WindowsStandalone.Extensions.dll
Registered in 0.002211 seconds.
- Loaded All Assemblies, in  0.440 seconds
Native extension for WindowsStandalone target not found
Mono: successfully reloaded assembly
- Finished resetting the current domain, in  0.426 seconds
Domain Reload Profiling: 864ms
	BeginReloadAssembly (152ms)
		ExecutionOrderSort (0ms)
		DisableScriptedObjects (0ms)
		BackupInstance (0ms)
		ReleaseScriptingObjects (0ms)
		CreateAndSetChildDomain (1ms)
	RebuildCommonClasses (43ms)
	RebuildNativeTypeToScriptingClass (13ms)
	initialDomainReloadingComplete (55ms)
	LoadAllAssembliesAndSetupDomain (174ms)
		LoadAssemblies (147ms)
		RebuildTransferFunctionScriptingTraits (0ms)
		AnalyzeDomain (171ms)
			TypeCache.Refresh (170ms)
				TypeCache.ScanAssembly (156ms)
			BuildScriptInfoCaches (0ms)
			ResolveRequiredComponents (0ms)
	FinalizeReload (426ms)
		ReleaseScriptCaches (0ms)
		RebuildScriptCaches (0ms)
		SetupLoadedEditorAssemblies (385ms)
			LogAssemblyErrors (0ms)
			InitializePlatformSupportModulesInManaged (64ms)
			SetLoadedEditorAssemblies (4ms)
			BeforeProcessingInitializeOnLoad (83ms)
			ProcessInitializeOnLoadAttributes (170ms)
			ProcessInitializeOnLoadMethodAttributes (64ms)
			AfterProcessingInitializeOnLoad (0ms)
			EditorAssembliesLoaded (0ms)
		ExecutionOrderSort2 (0ms)
		AwakeInstancesAfterBackupRestoration (0ms)
========================================================================
Worker process is ready to serve import requests
Import Worker Mode flag is 0x00
Begin MonoManager ReloadAssembly
[Licensing::Client] Successfully resolved entitlement details
[Licensing::Module] License group:
  Id: 3574232338638-UnityPersXXXX
  Product: Unity Personal
  Type: Assigned
  Expiration: Unlimited
- Loaded All Assemblies, in  1.009 seconds
Refreshing native plugins compatible for Editor in 0.91 ms, found 3 plugins.
Native extension for WindowsStandalone target not found
Package Manager log level set to [2]
[Package Manager] Failed to launch server process. Reason: Unity was launched with the -noUpm command-line argument
[Package Manager] Unable to send message (not connected to server process).
[Package Manager] Cannot connect to Unity Package Manager local server
[Package Manager] Failed to launch server process. Reason: Unity was launched with the -noUpm command-line argument
[Package Manager] Unable to send message (not connected to server process).
[Package Manager] Cannot connect to Unity Package Manager local server
Mono: successfully reloaded assembly
- Finished resetting the current domain, in  1.316 seconds
Domain Reload Profiling: 2319ms
	BeginReloadAssembly (223ms)
		ExecutionOrderSort (0ms)
		DisableScriptedObjects (6ms)
		BackupInstance (0ms)
		ReleaseScriptingObjects (0ms)
		CreateAndSetChildDomain (31ms)
	RebuildCommonClasses (44ms)
	RebuildNativeTypeToScriptingClass (18ms)
	initialDomainReloadingComplete (51ms)
	LoadAllAssembliesAndSetupDomain (666ms)
		LoadAssemblies (491ms)
		RebuildTransferFunctionScriptingTraits (0ms)
		AnalyzeDomain (307ms)
			TypeCache.Refresh (224ms)
				TypeCache.ScanAssembly (205ms)
			BuildScriptInfoCaches (68ms)
			ResolveRequiredComponents (11ms)
	FinalizeReload (1317ms)
		ReleaseScriptCaches (0ms)
		RebuildScriptCaches (0ms)
		SetupLoadedEditorAssemblies (1058ms)
			LogAssemblyErrors (0ms)
			InitializePlatformSupportModulesInManaged (5ms)
			SetLoadedEditorAssemblies (10ms)
			BeforeProcessingInitializeOnLoad (257ms)
			ProcessInitializeOnLoadAttributes (671ms)
			ProcessInitializeOnLoadMethodAttributes (107ms)
			AfterProcessingInitializeOnLoad (7ms)
			EditorAssembliesLoaded (0ms)
		ExecutionOrderSort2 (0ms)
		AwakeInstancesAfterBackupRestoration (9ms)
Launched and connected shader compiler UnityShaderCompiler.exe after 0.02 seconds
Refreshing native plugins compatible for Editor in 2.39 ms, found 3 plugins.
Preloading 0 native plugins for Editor in 0.00 ms.
Unloading 14 Unused Serialized files (Serialized files now loaded: 0)
Unloading 6285 unused Assets / (5.3 MB). Loaded Objects now: 7001.
Memory consumption went from 135.8 MB to 130.5 MB.
Total: 14.561800 ms (FindLiveObjects: 2.139800 ms CreateObjectMapping: 0.676600 ms MarkObjects: 8.408800 ms  DeleteObjects: 3.334200 ms)

========================================================================
Received Import Request.
  Time since last request: 55515.889839 seconds.
  path: Assets/CartoonTracksPack1/Track1/Meshes/Prefab_Meshes/prop_tent.FBX
  artifactKey: Guid(6b4f547c50a13834c945db5b543988a4) Importer(815301076,1909f56bfc062723c751e8b465ee728b)
Start importing Assets/CartoonTracksPack1/Track1/Meshes/Prefab_Meshes/prop_tent.FBX using Guid(6b4f547c50a13834c945db5b543988a4) Importer(815301076,1909f56bfc062723c751e8b465ee728b) (PreviewImporter) -> (artifact id: '6cb391c328dcc9b6c92fb09d1fd23f4c') in 1.2374459 seconds
Number of updated asset objects reloaded before import = 0Number of asset objects unloaded after import = 9

========================================================================
Received Import Request.
  Time since last request: 0.000078 seconds.
  path: Assets/CartoonTracksPack1/Track1/Meshes/Prefab_Meshes/prop_baloon_B.FBX
  artifactKey: Guid(f45554c0bae898a45a20c7759a2c66d6) Importer(815301076,1909f56bfc062723c751e8b465ee728b)
Start importing Assets/CartoonTracksPack1/Track1/Meshes/Prefab_Meshes/prop_baloon_B.FBX using Guid(f45554c0bae898a45a20c7759a2c66d6) Importer(815301076,1909f56bfc062723c751e8b465ee728b) (PreviewImporter) -> (artifact id: 'cfacd7dc2f5780409e10082de1df5dce') in 0.050437 seconds
Number of updated asset objects reloaded before import = 0Number of asset objects unloaded after import = 9

========================================================================
Received Import Request.
  Time since last request: 0.000041 seconds.
  path: Assets/CartoonTracksPack1/Track1/Meshes/Prefab_Meshes/prop_team_15.FBX
  artifactKey: Guid(a170a964953539246a74734b41d0156b) Importer(815301076,1909f56bfc062723c751e8b465ee728b)
Start importing Assets/CartoonTracksPack1/Track1/Meshes/Prefab_Meshes/prop_team_15.FBX using Guid(a170a964953539246a74734b41d0156b) Importer(815301076,1909f56bfc062723c751e8b465ee728b) (PreviewImporter) -> (artifact id: '9f938e105454636775e640bf55ff54bd') in 0.1736147 seconds
Number of updated asset objects reloaded before import = 0Number of asset objects unloaded after import = 9

========================================================================
Received Import Request.
  Time since last request: 0.000034 seconds.
  path: Assets/CartoonTracksPack1/Track1/Meshes/Prefab_Meshes/prop_arrow_long.FBX
  artifactKey: Guid(617e37e9cc33e0242a0b6985aa49d8b2) Importer(815301076,1909f56bfc062723c751e8b465ee728b)
Start importing Assets/CartoonTracksPack1/Track1/Meshes/Prefab_Meshes/prop_arrow_long.FBX using Guid(617e37e9cc33e0242a0b6985aa49d8b2) Importer(815301076,1909f56bfc062723c751e8b465ee728b) (PreviewImporter) -> (artifact id: '46574bb837fffa0d2b91f91d6fe40bb9') in 0.1299268 seconds
Number of updated asset objects reloaded before import = 0Number of asset objects unloaded after import = 9

========================================================================
Received Import Request.
  Time since last request: 0.000051 seconds.
  path: Assets/CartoonTracksPack1/Track1/Meshes/Prefab_Meshes/prop_team_17.FBX
  artifactKey: Guid(cdd356cd13347d34999eb318f6395d6d) Importer(815301076,1909f56bfc062723c751e8b465ee728b)
Start importing Assets/CartoonTracksPack1/Track1/Meshes/Prefab_Meshes/prop_team_17.FBX using Guid(cdd356cd13347d34999eb318f6395d6d) Importer(815301076,1909f56bfc062723c751e8b465ee728b) (PreviewImporter) -> (artifact id: '9d695292a4da197cff53d65befdaa242') in 0.1199511 seconds
Number of updated asset objects reloaded before import = 0Number of asset objects unloaded after import = 9

========================================================================
Received Import Request.
  Time since last request: 0.000034 seconds.
  path: Assets/CartoonTracksPack1/Track1/Meshes/Prefab_Meshes/prop_baloon_A.FBX
  artifactKey: Guid(276698ad9617fed4f9802f3cda8dc35b) Importer(815301076,1909f56bfc062723c751e8b465ee728b)
Start importing Assets/CartoonTracksPack1/Track1/Meshes/Prefab_Meshes/prop_baloon_A.FBX using Guid(276698ad9617fed4f9802f3cda8dc35b) Importer(815301076,1909f56bfc062723c751e8b465ee728b) (PreviewImporter) -> (artifact id: '682e2b583886b60a2b232de9cf8e4876') in 0.043413 seconds
Number of updated asset objects reloaded before import = 0Number of asset objects unloaded after import = 9

========================================================================
Received Import Request.
  Time since last request: 0.000032 seconds.
  path: Assets/CartoonTracksPack1/Track1/Meshes/Prefab_Meshes/prop_barrier_4M.FBX
  artifactKey: Guid(57d844aae2feec04cbbf58385598baea) Importer(815301076,1909f56bfc062723c751e8b465ee728b)
Start importing Assets/CartoonTracksPack1/Track1/Meshes/Prefab_Meshes/prop_barrier_4M.FBX using Guid(57d844aae2feec04cbbf58385598baea) Importer(815301076,1909f56bfc062723c751e8b465ee728b) (PreviewImporter) -> (artifact id: '025bd1e10c94fe3a1ece0ae35d2997ac') in 0.0466914 seconds
Number of updated asset objects reloaded before import = 0Number of asset objects unloaded after import = 9

========================================================================
Received Import Request.
  Time since last request: 0.000041 seconds.
  path: Assets/CartoonTracksPack1/Track1/Meshes/Prefab_Meshes/prop_adbox_A.FBX
  artifactKey: Guid(a88f373ab69427641a1e63782cc83659) Importer(815301076,1909f56bfc062723c751e8b465ee728b)
Start importing Assets/CartoonTracksPack1/Track1/Meshes/Prefab_Meshes/prop_adbox_A.FBX using Guid(a88f373ab69427641a1e63782cc83659) Importer(815301076,1909f56bfc062723c751e8b465ee728b) (PreviewImporter) -> (artifact id: '6e7d5aca04ea22e2d3e5e59815a7053b') in 0.1227296 seconds
Number of updated asset objects reloaded before import = 0Number of asset objects unloaded after import = 10

========================================================================
Received Import Request.
  Time since last request: 0.000038 seconds.
  path: Assets/CartoonTracksPack1/Track1/Meshes/Prefab_Meshes/prop_banner_medium_B.FBX
  artifactKey: Guid(47a0a90bb2e4e3e40a64f884f032369c) Importer(815301076,1909f56bfc062723c751e8b465ee728b)
Start importing Assets/CartoonTracksPack1/Track1/Meshes/Prefab_Meshes/prop_banner_medium_B.FBX using Guid(47a0a90bb2e4e3e40a64f884f032369c) Importer(815301076,1909f56bfc062723c751e8b465ee728b) (PreviewImporter) -> (artifact id: '30a013662c97755e28735f6d263d6faa') in 0.1060579 seconds
Number of updated asset objects reloaded before import = 0Number of asset objects unloaded after import = 9

========================================================================
Received Import Request.
  Time since last request: 0.000040 seconds.
  path: Assets/CartoonTracksPack1/Track1/Meshes/Prefab_Meshes/prop_team_8.FBX
  artifactKey: Guid(f463dc23b3d432248afe7e7c97ccd6ad) Importer(815301076,1909f56bfc062723c751e8b465ee728b)
Start importing Assets/CartoonTracksPack1/Track1/Meshes/Prefab_Meshes/prop_team_8.FBX using Guid(f463dc23b3d432248afe7e7c97ccd6ad) Importer(815301076,1909f56bfc062723c751e8b465ee728b) (PreviewImporter) -> (artifact id: '563f12ffa1b3b72c99d9aa3d0fc1f950') in 0.0974486 seconds
Number of updated asset objects reloaded before import = 0Number of asset objects unloaded after import = 9

========================================================================
Received Import Request.
  Time since last request: 0.000043 seconds.
  path: Assets/CartoonTracksPack1/Track1/Meshes/Prefab_Meshes/prop_baloon_J.FBX
  artifactKey: Guid(0a59197217127154eb4a7d23050dbd1d) Importer(815301076,1909f56bfc062723c751e8b465ee728b)
Start importing Assets/CartoonTracksPack1/Track1/Meshes/Prefab_Meshes/prop_baloon_J.FBX using Guid(0a59197217127154eb4a7d23050dbd1d) Importer(815301076,1909f56bfc062723c751e8b465ee728b) (PreviewImporter) -> (artifact id: '68130dfa9be90471a661e1acdd5b5930') in 0.0394106 seconds
Number of updated asset objects reloaded before import = 0Number of asset objects unloaded after import = 9

========================================================================
Received Import Request.
  Time since last request: 0.000029 seconds.
  path: Assets/CartoonTracksPack1/Track1/Meshes/Prefab_Meshes/prop_banner_medium_A.FBX
  artifactKey: Guid(889e272d5f7af1046b3e67a726532696) Importer(815301076,1909f56bfc062723c751e8b465ee728b)
Start importing Assets/CartoonTracksPack1/Track1/Meshes/Prefab_Meshes/prop_banner_medium_A.FBX using Guid(889e272d5f7af1046b3e67a726532696) Importer(815301076,1909f56bfc062723c751e8b465ee728b) (PreviewImporter) -> (artifact id: '5c53fae9249a63c4b8690fb64d92ede1') in 0.0993188 seconds
Number of updated asset objects reloaded before import = 0Number of asset objects unloaded after import = 9

========================================================================
Received Import Request.
  Time since last request: 0.000041 seconds.
  path: Assets/CartoonTracksPack1/Track1/Meshes/Prefab_Meshes/prop_wall_D.FBX
  artifactKey: Guid(b7800b05ebc712c4e95e143f047900a3) Importer(815301076,1909f56bfc062723c751e8b465ee728b)
Start importing Assets/CartoonTracksPack1/Track1/Meshes/Prefab_Meshes/prop_wall_D.FBX using Guid(b7800b05ebc712c4e95e143f047900a3) Importer(815301076,1909f56bfc062723c751e8b465ee728b) (PreviewImporter) -> (artifact id: '569c5311ccadd868312629ea36dfa89f') in 0.1106898 seconds
Number of updated asset objects reloaded before import = 0Number of asset objects unloaded after import = 9

========================================================================
Received Import Request.
  Time since last request: 0.000042 seconds.
  path: Assets/CartoonTracksPack1/Track1/Meshes/Prefab_Meshes/prop_wall_B.FBX
  artifactKey: Guid(1ca723527db231e44ab816b73689a9c3) Importer(815301076,1909f56bfc062723c751e8b465ee728b)
Start importing Assets/CartoonTracksPack1/Track1/Meshes/Prefab_Meshes/prop_wall_B.FBX using Guid(1ca723527db231e44ab816b73689a9c3) Importer(815301076,1909f56bfc062723c751e8b465ee728b) (PreviewImporter) -> (artifact id: 'a2076b0a8af1c3bc83ed73e80553cdef') in 0.1125284 seconds
Number of updated asset objects reloaded before import = 0Number of asset objects unloaded after import = 9

========================================================================
Received Import Request.
  Time since last request: 0.000133 seconds.
  path: Assets/CartoonTracksPack1/Track1/Meshes/Prefab_Meshes/prop_team_3.FBX
  artifactKey: Guid(46b6fe1a1de0ce74582b4bdd9ac3b05b) Importer(815301076,1909f56bfc062723c751e8b465ee728b)
Start importing Assets/CartoonTracksPack1/Track1/Meshes/Prefab_Meshes/prop_team_3.FBX using Guid(46b6fe1a1de0ce74582b4bdd9ac3b05b) Importer(815301076,1909f56bfc062723c751e8b465ee728b) (PreviewImporter) -> (artifact id: '9ceee30d302d9e1ff9ca41f488df066a') in 0.1107466 seconds
Number of updated asset objects reloaded before import = 0Number of asset objects unloaded after import = 9

========================================================================
Received Import Request.
  Time since last request: 0.000053 seconds.
  path: Assets/CartoonTracksPack1/Track1/Meshes/Prefab_Meshes/prop_barrier_1M.FBX
  artifactKey: Guid(c7d713d0bc80df64f8623efbc82f2bfd) Importer(815301076,1909f56bfc062723c751e8b465ee728b)
Start importing Assets/CartoonTracksPack1/Track1/Meshes/Prefab_Meshes/prop_barrier_1M.FBX using Guid(c7d713d0bc80df64f8623efbc82f2bfd) Importer(815301076,1909f56bfc062723c751e8b465ee728b) (PreviewImporter) -> (artifact id: '9b801ff02cea8f0a6a8035150e6c14f8') in 0.0490128 seconds
Number of updated asset objects reloaded before import = 0Number of asset objects unloaded after import = 9

========================================================================
Received Import Request.
  Time since last request: 0.000048 seconds.
  path: Assets/CartoonTracksPack1/Track1/Meshes/Prefab_Meshes/prop_tree_B.FBX
  artifactKey: Guid(c7e3110bb2d950a4abb8ce4f5506a2b3) Importer(815301076,1909f56bfc062723c751e8b465ee728b)
Start importing Assets/CartoonTracksPack1/Track1/Meshes/Prefab_Meshes/prop_tree_B.FBX using Guid(c7e3110bb2d950a4abb8ce4f5506a2b3) Importer(815301076,1909f56bfc062723c751e8b465ee728b) (PreviewImporter) -> (artifact id: 'cc895d58b667eeb10cdd4a018992ec91') in 0.0470195 seconds
Number of updated asset objects reloaded before import = 0Number of asset objects unloaded after import = 9

========================================================================
Received Import Request.
  Time since last request: 0.000028 seconds.
  path: Assets/CartoonTracksPack1/Track1/Meshes/Prefab_Meshes/prop_team_11.FBX
  artifactKey: Guid(a271511b603cb784a95ce01ea02f1709) Importer(815301076,1909f56bfc062723c751e8b465ee728b)
Start importing Assets/CartoonTracksPack1/Track1/Meshes/Prefab_Meshes/prop_team_11.FBX using Guid(a271511b603cb784a95ce01ea02f1709) Importer(815301076,1909f56bfc062723c751e8b465ee728b) (PreviewImporter) -> (artifact id: 'dc58e3312f41d401ad1e46195e913a63') in 0.1081913 seconds
Number of updated asset objects reloaded before import = 0Number of asset objects unloaded after import = 9

========================================================================
Received Import Request.
  Time since last request: 0.000038 seconds.
  path: Assets/CartoonTracksPack1/Track1/Meshes/Prefab_Meshes/prop_tree_D.FBX
  artifactKey: Guid(11c76aa6fa9e7ab459b33ba9dee84027) Importer(815301076,1909f56bfc062723c751e8b465ee728b)
Start importing Assets/CartoonTracksPack1/Track1/Meshes/Prefab_Meshes/prop_tree_D.FBX using Guid(11c76aa6fa9e7ab459b33ba9dee84027) Importer(815301076,1909f56bfc062723c751e8b465ee728b) (PreviewImporter) -> (artifact id: 'cd7ae844dc6c2c4273888be535e62995') in 0.0486587 seconds
Number of updated asset objects reloaded before import = 0Number of asset objects unloaded after import = 9

========================================================================
Received Import Request.
  Time since last request: 13.944618 seconds.
  path: Assets/BEDRILL/Modular_Track_Free/Models/Lawn_plane_15m_free.fbx
  artifactKey: Guid(a0d1c32e1d6bda04fac5e67d071c679a) Importer(815301076,1909f56bfc062723c751e8b465ee728b)
Start importing Assets/BEDRILL/Modular_Track_Free/Models/Lawn_plane_15m_free.fbx using Guid(a0d1c32e1d6bda04fac5e67d071c679a) Importer(815301076,1909f56bfc062723c751e8b465ee728b) (PreviewImporter) -> (artifact id: 'ca0d0b81e9b91e6605c2bd1bc3619126') in 0.0500178 seconds
Number of updated asset objects reloaded before import = 0Number of asset objects unloaded after import = 8

========================================================================
Received Import Request.
  Time since last request: 0.000053 seconds.
  path: Assets/BEDRILL/Modular_Track_Free/Models/Track_Fence_line_type_01_red_block_1&5m_free.fbx
  artifactKey: Guid(b5d873b652534f54fb382689325a8ed0) Importer(815301076,1909f56bfc062723c751e8b465ee728b)
Start importing Assets/BEDRILL/Modular_Track_Free/Models/Track_Fence_line_type_01_red_block_1&5m_free.fbx using Guid(b5d873b652534f54fb382689325a8ed0) Importer(815301076,1909f56bfc062723c751e8b465ee728b) (PreviewImporter) -> (artifact id: '90aa44b859b49f466645bb38ae2ea9a7') in 0.0431175 seconds
Number of updated asset objects reloaded before import = 0Number of asset objects unloaded after import = 8

========================================================================
Received Import Request.
  Time since last request: 0.000075 seconds.
  path: Assets/BEDRILL/Modular_Track_Free/Models/Track_line_type_01_15m_free.fbx
  artifactKey: Guid(fabe91f604127994ab9fcef58cb0b2ce) Importer(815301076,1909f56bfc062723c751e8b465ee728b)
Start importing Assets/BEDRILL/Modular_Track_Free/Models/Track_line_type_01_15m_free.fbx using Guid(fabe91f604127994ab9fcef58cb0b2ce) Importer(815301076,1909f56bfc062723c751e8b465ee728b) (PreviewImporter) -> (artifact id: 'f7ac4f1ab61a213bd9fb11f08da0418b') in 0.0528409 seconds
Number of updated asset objects reloaded before import = 0Number of asset objects unloaded after import = 8

========================================================================
Received Import Request.
  Time since last request: 6.525637 seconds.
  path: Assets/scripts/playerMover_.cs
  artifactKey: Guid(2275663c85dd42b49ab7ccf2379b0faa) Importer(2089858483,192608db42251d675da83286b1cce702)
Start importing Assets/scripts/playerMover_.cs using Guid(2275663c85dd42b49ab7ccf2379b0faa) Importer(2089858483,192608db42251d675da83286b1cce702) (ScriptedImporter) -> (artifact id: 'be173f02fd6b5db0ef71eed5b4fce156') in 0.1791228 seconds
Number of updated asset objects reloaded before import = 0Number of asset objects unloaded after import = 0

