[Licensing::Module] Trying to connect to existing licensing client channel...
Built from '6000.2/staging' branch; Version is '6000.2.10f1 (d3d30d158480) revision 13882125'; Using compiler version '194234433'; Build Type 'Release'
OS: 'Windows 11  (10.0.26100) 64bit Core' Language: 'en' Physical Memory: 16087 MB
[Licensing::IpcConnector] Successfully connected to: "LicenseClient-ayana" at "2025-11-24T01:49:33.0241321Z"
BatchMode: 1, IsHumanControllingUs: 0, StartBugReporterOnCrash: 0, Is64bit: 1
Date: 2025-11-24T01:49:33Z

COMMAND LINE ARGUMENTS:
C:\Program Files\Unity\Hub\Editor\6000.2.10f1\Editor\Unity.exe
-adb2
-batchMode
-noUpm
-name
AssetImportWorker7
-projectPath
C:/Users/ayana/OneDrive/Documents/GitHub/A2/A2/A2
-logFile
Logs/AssetImportWorker7.log
-srvPort
61842
-licensingIpc
LicenseClient-ayana
-job-worker-count
7
-background-job-worker-count
8
-gc-helper-count
1
-name
AssetImport
Successfully changed project path to: C:/Users/ayana/OneDrive/Documents/GitHub/A2/A2/A2
C:/Users/ayana/OneDrive/Documents/GitHub/A2/A2/A2
[UnityMemory] Configuration Parameters - Can be set up in boot.config
    "memorysetup-allocator-temp-initial-block-size-main=262144"
    "memorysetup-allocator-temp-initial-block-size-worker=262144"
    "memorysetup-bucket-allocator-granularity=16"
    "memorysetup-bucket-allocator-bucket-count=8"
    "memorysetup-bucket-allocator-block-size=33554432"
    "memorysetup-bucket-allocator-block-count=8"
    "memorysetup-main-allocator-block-size=16777216"
    "memorysetup-thread-allocator-block-size=16777216"
    "memorysetup-gfx-main-allocator-block-size=16777216"
    "memorysetup-gfx-thread-allocator-block-size=16777216"
    "memorysetup-cache-allocator-block-size=4194304"
    "memorysetup-typetree-allocator-block-size=2097152"
    "memorysetup-profiler-bucket-allocator-granularity=16"
    "memorysetup-profiler-bucket-allocator-bucket-count=8"
    "memorysetup-profiler-bucket-allocator-block-size=33554432"
    "memorysetup-profiler-bucket-allocator-block-count=8"
    "memorysetup-profiler-allocator-block-size=16777216"
    "memorysetup-profiler-editor-allocator-block-size=1048576"
    "memorysetup-temp-allocator-size-main=16777216"
    "memorysetup-job-temp-allocator-block-size=2097152"
    "memorysetup-job-temp-allocator-block-size-background=1048576"
    "memorysetup-job-temp-allocator-reduction-small-platforms=262144"
    "memorysetup-temp-allocator-size-background-worker=32768"
    "memorysetup-temp-allocator-size-job-worker=262144"
    "memorysetup-temp-allocator-size-preload-manager=33554432"
    "memorysetup-temp-allocator-size-nav-mesh-worker=65536"
    "memorysetup-temp-allocator-size-audio-worker=65536"
    "memorysetup-temp-allocator-size-cloud-worker=32768"
    "memorysetup-temp-allocator-size-gi-baking-worker=262144"
    "memorysetup-temp-allocator-size-gi-baking-worker=262144"
    "memorysetup-temp-allocator-size-gi-baking-worker=262144"
    "memorysetup-temp-allocator-size-gi-baking-worker=262144"
    "memorysetup-temp-allocator-size-gi-baking-worker=262144"
    "memorysetup-temp-allocator-size-gfx=262144"
Player connection [40000]  Target information:

Player connection [40000]  * "[IP] 192.168.0.25 [Port] 0 [Flags] 2 [Guid] 3926936731 [EditorId] 3926936731 [Version] 1048832 [Id] WindowsEditor(7,MSI) [Debug] 1 [PackageName] WindowsEditor [ProjectName] Editor" 

Player connection [40000] Host joined multi-casting on [225.0.0.222:54997]...
Player connection [40000] Host joined alternative multi-casting on [225.0.0.222:34997]...
JobSystem: Creating JobQueue using job-worker-count value 7
Input System module state changed to: Initialized.
[Physics::Module] Initialized fallback backend.
[Physics::Module] Id: 0xdecafbad
[Licensing::Client] Code 10 while verifying Licensing Client signature (process Id: 14244, path: "C:/Users/ayana/SchoolSoftware/Unity Hub/UnityLicensingClient_V1/Unity.Licensing.Client.exe")
[Licensing::Module] LicensingClient has failed validation; ignoring
Library Redirect Path: Library/
[Licensing::Client] Handshaking with LicensingClient:
  Version:                 1.17.3+a4e98f1
  Session Id:              f8d885130f3343b59c5ae68ebfe91569
  Correlation Id:          7ae6b8d419a3a5c1c075c1768ad846b3
  External correlation Id: 5580767397963944588
  Machine Id:              cleDMvXY9O+45m6I22BHXt+mVGw=
[Licensing::Module] Successfully connected to LicensingClient on channel: "LicenseClient-ayana" (connect: 0.00s, validation: 0.02s, handshake: 0.07s)
[Licensing::IpcConnector] Successfully connected to: "LicenseClient-ayana-notifications" at "2025-11-24T01:49:33.1273704Z"
[Licensing::Module] Licensing Background thread has ended after 0.10s
[Physics::Module] Selected backend.
[Physics::Module] Name: PhysX
[Physics::Module] Id: 0xf2b8ea05
[Physics::Module] SDK Version: 4.1.2
[Physics::Module] Integration Version: 1.0.0
[Physics::Module] Threading Mode: Multi-Threaded
Refreshing native plugins compatible for Editor in 512.04 ms, found 3 plugins.
Preloading 0 native plugins for Editor in 0.00 ms.
Initialize engine version: 6000.2.10f1 (d3d30d158480)
[Subsystems] Discovering subsystems at path C:/Program Files/Unity/Hub/Editor/6000.2.10f1/Editor/Data/Resources/UnitySubsystems
[Subsystems] Discovering subsystems at path C:/Users/ayana/OneDrive/Documents/GitHub/A2/A2/A2/Assets
GfxDevice: creating device client; kGfxThreadingModeNonThreaded
Direct3D:
    Version:  Direct3D 11.0 [level 11.1]
    Renderer: NVIDIA GeForce RTX 4060 Laptop GPU (ID=0x28a0)
    Vendor:   NVIDIA
    VRAM:     7957 MB
    Driver:   32.0.15.7700
Initialize mono
Mono path[0] = 'C:/Program Files/Unity/Hub/Editor/6000.2.10f1/Editor/Data/Managed'
Mono path[1] = 'C:/Program Files/Unity/Hub/Editor/6000.2.10f1/Editor/Data/MonoBleedingEdge/lib/mono/unityjit-win32'
Mono config path = 'C:/Program Files/Unity/Hub/Editor/6000.2.10f1/Editor/Data/MonoBleedingEdge/etc'
Using monoOptions --debugger-agent=transport=dt_socket,embedding=1,server=y,suspend=n,address=127.0.0.1:56592
Begin MonoManager ReloadAssembly
Registering precompiled unity dll's ...
Register platform support module: C:/Program Files/Unity/Hub/Editor/6000.2.10f1/Editor/Data/PlaybackEngines/WindowsStandaloneSupport/UnityEditor.WindowsStandalone.Extensions.dll
Registered in 0.003327 seconds.
- Loaded All Assemblies, in  1.517 seconds
Native extension for WindowsStandalone target not found
Mono: successfully reloaded assembly
- Finished resetting the current domain, in  0.423 seconds
Domain Reload Profiling: 1937ms
	BeginReloadAssembly (201ms)
		ExecutionOrderSort (0ms)
		DisableScriptedObjects (0ms)
		BackupInstance (0ms)
		ReleaseScriptingObjects (0ms)
		CreateAndSetChildDomain (2ms)
	RebuildCommonClasses (47ms)
	RebuildNativeTypeToScriptingClass (14ms)
	initialDomainReloadingComplete (65ms)
	LoadAllAssembliesAndSetupDomain (1186ms)
		LoadAssemblies (195ms)
		RebuildTransferFunctionScriptingTraits (0ms)
		AnalyzeDomain (1183ms)
			TypeCache.Refresh (1182ms)
				TypeCache.ScanAssembly (1169ms)
			BuildScriptInfoCaches (0ms)
			ResolveRequiredComponents (1ms)
	FinalizeReload (424ms)
		ReleaseScriptCaches (0ms)
		RebuildScriptCaches (0ms)
		SetupLoadedEditorAssemblies (374ms)
			LogAssemblyErrors (0ms)
			InitializePlatformSupportModulesInManaged (57ms)
			SetLoadedEditorAssemblies (4ms)
			BeforeProcessingInitializeOnLoad (82ms)
			ProcessInitializeOnLoadAttributes (149ms)
			ProcessInitializeOnLoadMethodAttributes (82ms)
			AfterProcessingInitializeOnLoad (0ms)
			EditorAssembliesLoaded (0ms)
		ExecutionOrderSort2 (0ms)
		AwakeInstancesAfterBackupRestoration (0ms)
========================================================================
Worker process is ready to serve import requests
Import Worker Mode flag is 0x00
Begin MonoManager ReloadAssembly
[Licensing::Client] Successfully resolved entitlement details
[Licensing::Module] License group:
  Id: 3574232338638-UnityPersXXXX
  Product: Unity Personal
  Type: Assigned
  Expiration: Unlimited
- Loaded All Assemblies, in  0.859 seconds
Refreshing native plugins compatible for Editor in 0.85 ms, found 3 plugins.
Native extension for WindowsStandalone target not found
Package Manager log level set to [2]
[Package Manager] Failed to launch server process. Reason: Unity was launched with the -noUpm command-line argument
[Package Manager] Unable to send message (not connected to server process).
[Package Manager] Cannot connect to Unity Package Manager local server
[Package Manager] Failed to launch server process. Reason: Unity was launched with the -noUpm command-line argument
[Package Manager] Unable to send message (not connected to server process).
[Package Manager] Cannot connect to Unity Package Manager local server
Mono: successfully reloaded assembly
- Finished resetting the current domain, in  1.100 seconds
Domain Reload Profiling: 1953ms
	BeginReloadAssembly (191ms)
		ExecutionOrderSort (0ms)
		DisableScriptedObjects (6ms)
		BackupInstance (0ms)
		ReleaseScriptingObjects (0ms)
		CreateAndSetChildDomain (28ms)
	RebuildCommonClasses (38ms)
	RebuildNativeTypeToScriptingClass (13ms)
	initialDomainReloadingComplete (51ms)
	LoadAllAssembliesAndSetupDomain (560ms)
		LoadAssemblies (398ms)
		RebuildTransferFunctionScriptingTraits (0ms)
		AnalyzeDomain (267ms)
			TypeCache.Refresh (195ms)
				TypeCache.ScanAssembly (182ms)
			BuildScriptInfoCaches (55ms)
			ResolveRequiredComponents (12ms)
	FinalizeReload (1100ms)
		ReleaseScriptCaches (0ms)
		RebuildScriptCaches (0ms)
		SetupLoadedEditorAssemblies (625ms)
			LogAssemblyErrors (0ms)
			InitializePlatformSupportModulesInManaged (3ms)
			SetLoadedEditorAssemblies (7ms)
			BeforeProcessingInitializeOnLoad (152ms)
			ProcessInitializeOnLoadAttributes (397ms)
			ProcessInitializeOnLoadMethodAttributes (58ms)
			AfterProcessingInitializeOnLoad (7ms)
			EditorAssembliesLoaded (0ms)
		ExecutionOrderSort2 (0ms)
		AwakeInstancesAfterBackupRestoration (6ms)
Launched and connected shader compiler UnityShaderCompiler.exe after 0.04 seconds
Refreshing native plugins compatible for Editor in 1.67 ms, found 3 plugins.
Preloading 0 native plugins for Editor in 0.00 ms.
Unloading 14 Unused Serialized files (Serialized files now loaded: 0)
Unloading 6291 unused Assets / (4.5 MB). Loaded Objects now: 7008.
Memory consumption went from 139.3 MB to 134.7 MB.
Total: 15.156000 ms (FindLiveObjects: 2.144400 ms CreateObjectMapping: 0.690500 ms MarkObjects: 9.070800 ms  DeleteObjects: 3.248500 ms)

========================================================================
Received Import Request.
  Time since last request: 74711.602758 seconds.
  path: Assets/RPG Pack/Textures/Dust_particles.tif
  artifactKey: Guid(2ad70170f6ff89d468e5694143176d6b) Importer(815301076,1909f56bfc062723c751e8b465ee728b)
Start importing Assets/RPG Pack/Textures/Dust_particles.tif using Guid(2ad70170f6ff89d468e5694143176d6b) Importer(815301076,1909f56bfc062723c751e8b465ee728b) (PreviewImporter) -> (artifact id: 'd0c9e4a50bc387d9a68375544906e934') in 0.1268213 seconds
Number of updated asset objects reloaded before import = 0Number of asset objects unloaded after import = 2

========================================================================
Received Import Request.
  Time since last request: 224.805103 seconds.
  path: Assets/BEDRILL/Modular_Track_Free/Material/Trek_Material_free.mat
  artifactKey: Guid(ac7d9a97c8bd19c4199840392bcb00b3) Importer(815301076,1909f56bfc062723c751e8b465ee728b)
Start importing Assets/BEDRILL/Modular_Track_Free/Material/Trek_Material_free.mat using Guid(ac7d9a97c8bd19c4199840392bcb00b3) Importer(815301076,1909f56bfc062723c751e8b465ee728b) (PreviewImporter) -> (artifact id: '94a565076f899d976d89ba814222b229') in 0.6293069 seconds
Number of updated asset objects reloaded before import = 0Number of asset objects unloaded after import = 1

========================================================================
Received Import Request.
  Time since last request: 34.191871 seconds.
  path: Assets/Supercyan Free Forest Sample/Models/Foliage/Mushroom/forestpack_foliage_mushroom_red_small.FBX
  artifactKey: Guid(44b03eaa872f141408d84aad99e0175f) Importer(815301076,1909f56bfc062723c751e8b465ee728b)
Start importing Assets/Supercyan Free Forest Sample/Models/Foliage/Mushroom/forestpack_foliage_mushroom_red_small.FBX using Guid(44b03eaa872f141408d84aad99e0175f) Importer(815301076,1909f56bfc062723c751e8b465ee728b) (PreviewImporter) -> (artifact id: 'b8088291c0f686062549d6cd36b677cc') in 0.1115614 seconds
Number of updated asset objects reloaded before import = 0Number of asset objects unloaded after import = 7

========================================================================
Received Import Request.
  Time since last request: 1.584150 seconds.
  path: Assets/Supercyan Free Forest Sample/Models/Foliage/Grass/forestpack_foliage_grassPatch_small_2.fbx
  artifactKey: Guid(3b528a8c228f8c942b986767297f715c) Importer(815301076,1909f56bfc062723c751e8b465ee728b)
Start importing Assets/Supercyan Free Forest Sample/Models/Foliage/Grass/forestpack_foliage_grassPatch_small_2.fbx using Guid(3b528a8c228f8c942b986767297f715c) Importer(815301076,1909f56bfc062723c751e8b465ee728b) (PreviewImporter) -> (artifact id: 'dab53add7e55a33592b44bebaf9178c1') in 0.1165352 seconds
Number of updated asset objects reloaded before import = 0Number of asset objects unloaded after import = 7

========================================================================
Received Import Request.
  Time since last request: 5.763922 seconds.
  path: Assets/Supercyan Free Forest Sample/Models/Tree/Treestump/forestpack_tree_stump_1_meshCollider.FBX
  artifactKey: Guid(d2ca050f69144e34b94336affffbef2a) Importer(815301076,1909f56bfc062723c751e8b465ee728b)
Start importing Assets/Supercyan Free Forest Sample/Models/Tree/Treestump/forestpack_tree_stump_1_meshCollider.FBX using Guid(d2ca050f69144e34b94336affffbef2a) Importer(815301076,1909f56bfc062723c751e8b465ee728b) (PreviewImporter) -> (artifact id: '9f91aa0646e0cffebb4a1a6e2449a6b7') in 0.055038 seconds
Number of updated asset objects reloaded before import = 0Number of asset objects unloaded after import = 7

========================================================================
Received Import Request.
  Time since last request: 2.043611 seconds.
  path: Assets/Supercyan Free Forest Sample/Models/Tree/Leaf/forestpack_tree_1_leaf_1_meshCollider.FBX
  artifactKey: Guid(f160a5f4bf877fe48b1233cfe8c39308) Importer(815301076,1909f56bfc062723c751e8b465ee728b)
Start importing Assets/Supercyan Free Forest Sample/Models/Tree/Leaf/forestpack_tree_1_leaf_1_meshCollider.FBX using Guid(f160a5f4bf877fe48b1233cfe8c39308) Importer(815301076,1909f56bfc062723c751e8b465ee728b) (PreviewImporter) -> (artifact id: 'f3e2f85e1426a86696400f804935b11c') in 0.1080922 seconds
Number of updated asset objects reloaded before import = 0Number of asset objects unloaded after import = 7

========================================================================
Received Import Request.
  Time since last request: 0.648281 seconds.
  path: Assets/Supercyan Free Forest Sample/Models/Tree/Fir/forestpack_tree_fir_tall_meshCollider.FBX
  artifactKey: Guid(1c39accf3fc812b46a89b53030f37397) Importer(815301076,1909f56bfc062723c751e8b465ee728b)
Start importing Assets/Supercyan Free Forest Sample/Models/Tree/Fir/forestpack_tree_fir_tall_meshCollider.FBX using Guid(1c39accf3fc812b46a89b53030f37397) Importer(815301076,1909f56bfc062723c751e8b465ee728b) (PreviewImporter) -> (artifact id: '7dce7dddebc5a2a8efc27164dafa703b') in 0.0937126 seconds
Number of updated asset objects reloaded before import = 0Number of asset objects unloaded after import = 7

========================================================================
Received Import Request.
  Time since last request: 140.935089 seconds.
  path: Assets/Scenes/SampleScene.unity
  artifactKey: Guid(99c9720ab356a0642a771bea13969a05) Importer(2089858483,192608db42251d675da83286b1cce702)
Start importing Assets/Scenes/SampleScene.unity using Guid(99c9720ab356a0642a771bea13969a05) Importer(2089858483,192608db42251d675da83286b1cce702) (ScriptedImporter) -> (artifact id: '064af8f7d71d04c9c0a2166d74d6492e') in 0.1911071 seconds
Number of updated asset objects reloaded before import = 0Number of asset objects unloaded after import = 1

========================================================================
Received Import Request.
  Time since last request: 0.000040 seconds.
  path: Assets/RPG Pack/Textures/mysteryBox.mat
  artifactKey: Guid(64f7a12f8c220b34b966c0be8f753a9a) Importer(2089858483,192608db42251d675da83286b1cce702)
Start importing Assets/RPG Pack/Textures/mysteryBox.mat using Guid(64f7a12f8c220b34b966c0be8f753a9a) Importer(2089858483,192608db42251d675da83286b1cce702) (ScriptedImporter) -> (artifact id: 'f5f139cd8a7b88c8895052c366ea7224') in 0.0591783 seconds
Number of updated asset objects reloaded before import = 0Number of asset objects unloaded after import = 2

========================================================================
Received Import Request.
  Time since last request: 0.000035 seconds.
  path: Assets/animation/follwo.anim
  artifactKey: Guid(9eb8c35325dddfc4f95143495f4ceef4) Importer(2089858483,192608db42251d675da83286b1cce702)
Start importing Assets/animation/follwo.anim using Guid(9eb8c35325dddfc4f95143495f4ceef4) Importer(2089858483,192608db42251d675da83286b1cce702) (ScriptedImporter) -> (artifact id: '90503a43e95702675475b17e5df05988') in 0.0458797 seconds
Number of updated asset objects reloaded before import = 0Number of asset objects unloaded after import = 1

========================================================================
Received Import Request.
  Time since last request: 0.000025 seconds.
  path: Assets/scripts/playerMover_.cs
  artifactKey: Guid(2275663c85dd42b49ab7ccf2379b0faa) Importer(2089858483,192608db42251d675da83286b1cce702)
Start importing Assets/scripts/playerMover_.cs using Guid(2275663c85dd42b49ab7ccf2379b0faa) Importer(2089858483,192608db42251d675da83286b1cce702) (ScriptedImporter) -> (artifact id: '646675d049f5199e5f4ea62cfcae4342') in 0.0314439 seconds
Number of updated asset objects reloaded before import = 0Number of asset objects unloaded after import = 0

========================================================================
Received Import Request.
  Time since last request: 0.000024 seconds.
  path: Assets/Supercyan Free Forest Sample/Models/Tree/Fir/forestpack_tree_fir_tall_meshCollider.prefab
  artifactKey: Guid(67399fbd64c8d7c44ae66adb02f4b2e2) Importer(2089858483,192608db42251d675da83286b1cce702)
Start importing Assets/Supercyan Free Forest Sample/Models/Tree/Fir/forestpack_tree_fir_tall_meshCollider.prefab using Guid(67399fbd64c8d7c44ae66adb02f4b2e2) Importer(2089858483,192608db42251d675da83286b1cce702) (ScriptedImporter) -> (artifact id: '25480f55a43f21a70920faf560169c4b') in 0.0520714 seconds
Number of updated asset objects reloaded before import = 0Number of asset objects unloaded after import = 13

========================================================================
Received Import Request.
  Time since last request: 0.000032 seconds.
  path: Assets/animation/spinny.anim
  artifactKey: Guid(8207b89d71942ef40b7b2d05d9cf026f) Importer(2089858483,192608db42251d675da83286b1cce702)
Start importing Assets/animation/spinny.anim using Guid(8207b89d71942ef40b7b2d05d9cf026f) Importer(2089858483,192608db42251d675da83286b1cce702) (ScriptedImporter) -> (artifact id: 'ca8a505aa6c0431addf31b4b098f2c74') in 0.0281863 seconds
Number of updated asset objects reloaded before import = 0Number of asset objects unloaded after import = 1

========================================================================
Received Import Request.
  Time since last request: 0.000034 seconds.
  path: Assets/RPG Pack/Materials/Coin.mat
  artifactKey: Guid(78e53f773c1253e42a517e179f18734b) Importer(2089858483,192608db42251d675da83286b1cce702)
Start importing Assets/RPG Pack/Materials/Coin.mat using Guid(78e53f773c1253e42a517e179f18734b) Importer(2089858483,192608db42251d675da83286b1cce702) (ScriptedImporter) -> (artifact id: 'f395318d3c353703b27b528e0bfc3d7e') in 0.031643 seconds
Number of updated asset objects reloaded before import = 0Number of asset objects unloaded after import = 3

========================================================================
Received Import Request.
  Time since last request: 0.000025 seconds.
  path: Assets/Supercyan Free Forest Sample/Models/Tree/Fir/forestpack_tree_fir_tall.prefab
  artifactKey: Guid(593a42144d725a649ae17aed05a87792) Importer(2089858483,192608db42251d675da83286b1cce702)
Start importing Assets/Supercyan Free Forest Sample/Models/Tree/Fir/forestpack_tree_fir_tall.prefab using Guid(593a42144d725a649ae17aed05a87792) Importer(2089858483,192608db42251d675da83286b1cce702) (ScriptedImporter) -> (artifact id: '835396adf3c6cc33b36bf42a2eb11a5f') in 0.0357424 seconds
Number of updated asset objects reloaded before import = 0Number of asset objects unloaded after import = 14

========================================================================
Received Prepare
Begin MonoManager ReloadAssembly
[Licensing::Client] Successfully resolved entitlement details
- Loaded All Assemblies, in  0.919 seconds
Refreshing native plugins compatible for Editor in 0.83 ms, found 3 plugins.
Native extension for WindowsStandalone target not found
[Package Manager] Failed to launch server process. Reason: Unity was launched with the -noUpm command-line argument
[Package Manager] Unable to send message (not connected to server process).
[Package Manager] Cannot connect to Unity Package Manager local server
Mono: successfully reloaded assembly
- Finished resetting the current domain, in  0.822 seconds
Domain Reload Profiling: 1740ms
	BeginReloadAssembly (294ms)
		ExecutionOrderSort (0ms)
		DisableScriptedObjects (30ms)
		BackupInstance (0ms)
		ReleaseScriptingObjects (0ms)
		CreateAndSetChildDomain (82ms)
	RebuildCommonClasses (38ms)
	RebuildNativeTypeToScriptingClass (16ms)
	initialDomainReloadingComplete (32ms)
	LoadAllAssembliesAndSetupDomain (536ms)
		LoadAssemblies (443ms)
		RebuildTransferFunctionScriptingTraits (0ms)
		AnalyzeDomain (207ms)
			TypeCache.Refresh (13ms)
				TypeCache.ScanAssembly (2ms)
			BuildScriptInfoCaches (176ms)
			ResolveRequiredComponents (12ms)
	FinalizeReload (823ms)
		ReleaseScriptCaches (0ms)
		RebuildScriptCaches (0ms)
		SetupLoadedEditorAssemblies (646ms)
			LogAssemblyErrors (0ms)
			InitializePlatformSupportModulesInManaged (2ms)
			SetLoadedEditorAssemblies (7ms)
			BeforeProcessingInitializeOnLoad (166ms)
			ProcessInitializeOnLoadAttributes (414ms)
			ProcessInitializeOnLoadMethodAttributes (51ms)
			AfterProcessingInitializeOnLoad (6ms)
			EditorAssembliesLoaded (0ms)
		ExecutionOrderSort2 (0ms)
		AwakeInstancesAfterBackupRestoration (20ms)
Refreshing native plugins compatible for Editor in 1.59 ms, found 3 plugins.
Preloading 0 native plugins for Editor in 0.00 ms.
Unloading 18 Unused Serialized files (Serialized files now loaded: 0)
Unloading 6378 unused Assets / (4.8 MB). Loaded Objects now: 7181.
Memory consumption went from 156.6 MB to 151.8 MB.
Total: 11.002900 ms (FindLiveObjects: 0.704100 ms CreateObjectMapping: 0.607800 ms MarkObjects: 6.790800 ms  DeleteObjects: 2.897600 ms)

Prepare: number of updated asset objects reloaded= 0
Editor requested this worker to shutdown with reason: Scaling down because of idle timeout
AssetImportWorker is now disconnected from the server
Process exiting
Exiting without the bug reporter. Application will terminate with return code 0